#TODO!

#main body
#box size 2.92 6.5 0.83 postition 0 0 0

#decoration front and back
#box s 0.4 1 0.4 p 0.92 3.7 0 r 0 45 0
#box s 0.4 1 0.4 p -0.92 3.7 0 r 0 45 0

#sphere s 0.3 p 0.8 -3.25 0
#sphere s 0.3 p -0.8 -3.25 0

#decoration one side
#box s 0.7 1.8 0.7 p 0 0 0.15 r 10 45 0

#decoration other side
#box s 0.83 1.6 0.83 p 0 0.2 -0.2 r -10 0 0
#capsule s 0.1 2 p 1.0 0.7 -0.415 r 90 0 0
#capsule s 0.1 2 p -1.0 0.7 -0.415 r 90 0 0

#rear wings
#box s 3.0 0.83 0.05 p 0 -2.8 0.66 r 6 0 0
#capsule s 0.12 0.41 p 0.8 -2.8 0.5 r 90 0 0
#capsule s 0.12 0.41 p -0.8 -2.8 0.5 r 90 0 0

#box s 3.0 0.83 0.05 p 0 -2.8 -0.66 r -6 0 0
#capsule s 0.12 0.41 p 0.8 -2.8 -0.5 r 90 0 0
#capsule s 0.12 0.41 p -0.8 -2.8 -0.5 r 90 0 0
