#main body
box s 1.66667 5 0.666667 p 0 -0.416667 0 #main body box (copy of "body" above) above)  
box s 0.833333 2 0.566667 p 0 -1.66667 0.28          
box s 0.833333 2 0.566667 p 0 -1.66667 -0.28          

box s 0.833333 1.66667 0.416667 p 0 0.125 0.208333 r 10 0 0      
box s 0.833333 1.66667 0.416667 p 0 0.125 -0.208333 r -10 0 0      

box s 0.458333 2 0.458333 p 0.5 -1.66667 0.25 r 0 -30 0      
box s 0.458333 2 0.458333 p -0.5 -1.66667 0.25 r 0 30 0      
box s 0.458333 2 0.458333 p 0.5 -1.66667 -0.25 r 0 30 0      
box s 0.458333 2 0.458333 p -0.5 -1.66667 -0.25 r 0 -30 0      



#these two are actually mistakes ... and they look good so I'm keeping them where they are.
box s 0.458333 2.5 0.458333 p 0.833333 -0.375 0 r 0 45 0      
box s 0.458333 2.5 0.458333 p -0.833333 -0.375 0 r 0 45 0      

box s 0.458333 0.833333 0.458333 p -0.833333 -2.45833 0 r 0 45 0 #rear lights    
box s 0.458333 0.833333 0.458333 p 0.833333 -2.45833 0 r 0 45 0 #rear lights    



#front end of car (very messy)

box s 1.16667 0.833333 0.166667 p 0 2.5 0          

box s 0.333333 1.16667 0.166667 p 0.666667 2.58333 0.158333 r 10 0 0      
box s 0.333333 1.16667 0.166667 p 0.666667 2.58333 -0.158333 r -10 0 0      

box s 0.333333 1.16667 0.166667 p -0.666667 2.58333 0.158333 r 10 0 0      
box s 0.333333 1.16667 0.166667 p -0.666667 2.58333 -0.158333 r -10 0 0      

box s 1 1 0.166667 p 0 2.41667 0.158333 r 10 0 0      
box s 1 1 0.166667 p 0 2.41667 -0.158333 r -10 0 0      


box s 0.333333 1.16667 0.25 p -0.666667 2.75 0          
box s 0.333333 1.16667 0.25 p 0.666667 2.75 0          



box s 0.833333 1.16667 0.166667 p 1.25 2.58333 0.1 r 10 0 0      
box s 0.833333 1.16667 0.166667 p -1.25 2.58333 0.1 r 10 0 0      

box s 0.833333 1.16667 0.166667 p 1.25 2.58333 -0.1 r -10 0 0      
box s 0.833333 1.16667 0.166667 p -1.25 2.58333 -0.1 r -10 0 0      

box s 0.833333 0.833333 0.166667 p 1.16667 2.83333 0 r 0 0 10      
box s 0.833333 0.833333 0.166667 p -1.16667 2.83333 0 r 0 0 -10      





box s 0.833333 1 0.583333 p 1.25 1.58333 0          
box s 0.833333 1 0.583333 p -1.25 1.58333 0          

box s 0.916667 0.833333 0.583333 p -1.04167 1.20833 0 r 0 0 30      
box s 0.916667 0.833333 0.583333 p 1.04167 1.20833 0 r 0 0 -30      


box s 0.833333 1.5 0.583333 p 1.25 -1.83333 0          
box s 0.833333 1.5 0.583333 p -1.25 -1.83333 0          

box s 0.916667 0.833333 0.583333 p -1.04167 -1.20833 0 r 0 0 -30      
box s 0.916667 0.833333 0.583333 p 1.04167 -1.20833 0 r 0 0 30      

box s 0.833333 0.833333 0.583333 p -1.075 -2.375 0 r 0 0 20      
box s 0.833333 0.833333 0.583333 p 1.075 -2.375 0 r 0 0 -20      


#mostly rear end of the car (wing, sticky-outy bits)

box s 2 0.583333 0.0833333 p 0 -2.83333 0.666667 r 12 0 0      
box s 2 0.583333 0.0833333 p 0 -2.83333 -0.666667 r -12 0 0      

box s 0.666667 0.583333 0.0833333 p -1.33333 -2.83333 0.666667 r 12 0 0      
box s 0.666667 0.583333 0.0833333 p 1.33333 -2.83333 0.666667 r 12 0 0      

box s 0.666667 0.583333 0.0833333 p -1.33333 -2.83333 -0.666667 r -12 0 0      
box s 0.666667 0.583333 0.0833333 p 1.33333 -2.83333 -0.666667 r -12 0 0      




box s 0.833333 0.25 1.16667 p 0 -2.875 0          

capsule s 0.166667 0.833333 p 0 -2.5 0.208333 r 90 0 0
capsule s 0.166667 0.833333 p 0 -2.5 -0.208333 r 90 0 0
capsule s 0.166667 0.833333 p 0.333333 -2.5 0 r 90 0 0
capsule s 0.166667 0.833333 p -0.333333 -2.5 0 r 90 0 0

capsule s 0.166667 0.833333 p 1.20833 -1.66667 0.166667 r 90 30 0
capsule s 0.166667 0.833333 p -1.20833 -1.66667 0.166667 r 90 -30 0

capsule s 0.166667 1.16667 p 0.583333 0.75 -0.175 r 90 0 0
capsule s 0.166667 1.16667 p -0.583333 0.75 -0.175 r 90 0 0
